[0m12:15:11.111343 [debug] [MainThread]: Sending event: {'category': 'dbt', 'action': 'invocation', 'label': 'start', 'context': [<snowplow_tracker.self_describing_json.SelfDescribingJson object at 0x000001D3FBE8A060>, <snowplow_tracker.self_describing_json.SelfDescribingJson object at 0x000001D3FBF3B500>, <snowplow_tracker.self_describing_json.SelfDescribingJson object at 0x000001D3FBF39BB0>]}


============================== 12:15:11.115351 | 1ae5f9df-d792-46f1-a90f-4f5e950bfc13 ==============================
[0m12:15:11.115351 [info ] [MainThread]: Running with dbt=1.11.2
[0m12:15:11.116350 [debug] [MainThread]: running dbt with arguments {'version_check': 'True', 'no_print': 'None', 'static_parser': 'True', 'warn_error_options': 'WarnErrorOptionsV2(error=[], warn=[], silence=[])', 'target_path': 'None', 'printer_width': '80', 'write_json': 'True', 'introspect': 'True', 'log_cache_events': 'False', 'empty': 'None', 'cache_selected_only': 'False', 'fail_fast': 'False', 'debug': 'False', 'log_format': 'default', 'partial_parse': 'True', 'send_anonymous_usage_stats': 'True', 'quiet': 'False', 'warn_error': 'None', 'profiles_dir': 'C:\\Users\\HP\\.dbt', 'indirect_selection': 'eager', 'invocation_command': 'dbt init', 'use_colors': 'True', 'use_experimental_parser': 'False', 'log_path': 'logs'}
[0m12:17:47.744532 [debug] [MainThread]: Starter project path: C:\airbnb_de_project\aws\AWS_DBT_Snowflake\.venv\Lib\site-packages\dbt\include\starter_project
[0m12:17:47.813128 [info ] [MainThread]: 
Your new dbt project "aws_dbt_snowflake_project" was created!

For more information on how to configure the profiles.yml file,
please consult the dbt documentation here:

  https://docs.getdbt.com/docs/configure-your-profile

One more thing:

Need help? Don't hesitate to reach out to us via GitHub issues or on Slack:

  https://community.getdbt.com/

Happy modeling!

[0m12:17:47.813635 [info ] [MainThread]: Setting up your profile.
[0m12:18:02.415884 [debug] [MainThread]: Snowflake adapter: Setting snowflake.connector to ERROR (file logging only)
[0m12:18:02.416389 [debug] [MainThread]: Snowflake adapter: Setting botocore to ERROR (file logging only)
[0m12:18:02.416389 [debug] [MainThread]: Snowflake adapter: Setting boto3 to ERROR (file logging only)
[0m12:26:01.120979 [error] [MainThread]: Encountered an error:

[0m12:26:01.297511 [error] [MainThread]: Traceback (most recent call last):
  File "C:\airbnb_de_project\aws\AWS_DBT_Snowflake\.venv\Lib\site-packages\dbt\cli\requires.py", line 182, in wrapper
    result, success = func(*args, **kwargs)
                      ^^^^^^^^^^^^^^^^^^^^^
  File "C:\airbnb_de_project\aws\AWS_DBT_Snowflake\.venv\Lib\site-packages\dbt\cli\requires.py", line 128, in wrapper
    return func(*args, **kwargs)
           ^^^^^^^^^^^^^^^^^^^^^
  File "C:\airbnb_de_project\aws\AWS_DBT_Snowflake\.venv\Lib\site-packages\dbt\cli\main.py", line 483, in init
    results = task.run()
              ^^^^^^^^^^
  File "C:\airbnb_de_project\aws\AWS_DBT_Snowflake\.venv\Lib\site-packages\dbt\task\init.py", line 346, in run
    self.setup_profile(profile_name)
  File "C:\airbnb_de_project\aws\AWS_DBT_Snowflake\.venv\Lib\site-packages\dbt\task\init.py", line 262, in setup_profile
    self.create_profile_from_target(adapter, profile_name=profile_name)
  File "C:\airbnb_de_project\aws\AWS_DBT_Snowflake\.venv\Lib\site-packages\dbt\task\init.py", line 179, in create_profile_from_target
    self.create_profile_from_profile_template(profile_template, profile_name)
  File "C:\airbnb_de_project\aws\AWS_DBT_Snowflake\.venv\Lib\site-packages\dbt\task\init.py", line 163, in create_profile_from_profile_template
    target = self.generate_target_from_input(prompts, initial_target)
             ^^^^^^^^^^^^^^^^^^^^^^^^^^^^^^^^^^^^^^^^^^^^^^^^^^^^^^^^
  File "C:\airbnb_de_project\aws\AWS_DBT_Snowflake\.venv\Lib\site-packages\dbt\task\init.py", line 129, in generate_target_from_input
    target[key] = click.prompt(
                  ^^^^^^^^^^^^^
  File "C:\airbnb_de_project\aws\AWS_DBT_Snowflake\.venv\Lib\site-packages\click\termui.py", line 171, in prompt
    value = prompt_func(prompt)
            ^^^^^^^^^^^^^^^^^^^
  File "C:\airbnb_de_project\aws\AWS_DBT_Snowflake\.venv\Lib\site-packages\click\termui.py", line 154, in prompt_func
    raise Abort() from None
click.exceptions.Abort

[0m12:26:01.300506 [debug] [MainThread]: Command `dbt init` failed at 12:26:01.300506 after 650.29 seconds
[0m12:26:01.301518 [debug] [MainThread]: Sending event: {'category': 'dbt', 'action': 'invocation', 'label': 'end', 'context': [<snowplow_tracker.self_describing_json.SelfDescribingJson object at 0x000001D3FC9D6D80>, <snowplow_tracker.self_describing_json.SelfDescribingJson object at 0x000001D3FE32E3F0>, <snowplow_tracker.self_describing_json.SelfDescribingJson object at 0x000001D3FE300710>]}
[0m12:26:01.302513 [debug] [MainThread]: Flushing usage events
[0m12:26:02.686268 [debug] [MainThread]: An error was encountered while trying to flush usage events
[0m12:26:10.184178 [debug] [MainThread]: Sending event: {'category': 'dbt', 'action': 'invocation', 'label': 'start', 'context': [<snowplow_tracker.self_describing_json.SelfDescribingJson object at 0x000001ED181BF320>, <snowplow_tracker.self_describing_json.SelfDescribingJson object at 0x000001ED17AFFCB0>, <snowplow_tracker.self_describing_json.SelfDescribingJson object at 0x000001ED1819A810>]}


============================== 12:26:10.190180 | 4b4f0264-c685-4667-aa0f-cd116edf3b69 ==============================
[0m12:26:10.190180 [info ] [MainThread]: Running with dbt=1.11.2
[0m12:26:10.191180 [debug] [MainThread]: running dbt with arguments {'static_parser': 'True', 'no_print': 'None', 'version_check': 'True', 'target_path': 'None', 'warn_error_options': 'WarnErrorOptionsV2(error=[], warn=[], silence=[])', 'printer_width': '80', 'write_json': 'True', 'empty': 'None', 'log_cache_events': 'False', 'introspect': 'True', 'cache_selected_only': 'False', 'fail_fast': 'False', 'debug': 'False', 'log_format': 'default', 'profiles_dir': 'C:\\Users\\HP\\.dbt', 'send_anonymous_usage_stats': 'True', 'quiet': 'False', 'warn_error': 'None', 'partial_parse': 'True', 'indirect_selection': 'eager', 'use_colors': 'True', 'invocation_command': 'dbt init', 'use_experimental_parser': 'False', 'log_path': 'logs'}
[0m12:26:36.497278 [debug] [MainThread]: Starter project path: C:\airbnb_de_project\aws\AWS_DBT_Snowflake\.venv\Lib\site-packages\dbt\include\starter_project
[0m12:26:36.559846 [info ] [MainThread]: 
Your new dbt project "aws_dbt_snowflake_project" was created!

For more information on how to configure the profiles.yml file,
please consult the dbt documentation here:

  https://docs.getdbt.com/docs/configure-your-profile

One more thing:

Need help? Don't hesitate to reach out to us via GitHub issues or on Slack:

  https://community.getdbt.com/

Happy modeling!

[0m12:26:36.561356 [info ] [MainThread]: Setting up your profile.
[0m12:26:39.091573 [debug] [MainThread]: Snowflake adapter: Setting snowflake.connector to ERROR (file logging only)
[0m12:26:39.092573 [debug] [MainThread]: Snowflake adapter: Setting botocore to ERROR (file logging only)
[0m12:26:39.092573 [debug] [MainThread]: Snowflake adapter: Setting boto3 to ERROR (file logging only)
[0m12:28:57.589312 [info ] [MainThread]: Profile aws_dbt_snowflake_project written to C:\Users\HP\.dbt\profiles.yml using target's profile_template.yml and your supplied values. Run 'dbt debug' to validate the connection.
[0m12:28:57.591316 [debug] [MainThread]: Command `dbt init` succeeded at 12:28:57.591316 after 167.55 seconds
[0m12:28:57.591316 [debug] [MainThread]: Sending event: {'category': 'dbt', 'action': 'invocation', 'label': 'end', 'context': [<snowplow_tracker.self_describing_json.SelfDescribingJson object at 0x000001ED17C745C0>, <snowplow_tracker.self_describing_json.SelfDescribingJson object at 0x000001ED1A3B60C0>, <snowplow_tracker.self_describing_json.SelfDescribingJson object at 0x000001ED19E7F080>]}
[0m12:28:57.592311 [debug] [MainThread]: Flushing usage events
[0m12:28:58.919725 [debug] [MainThread]: An error was encountered while trying to flush usage events
[0m20:55:36.610929 [debug] [MainThread]: Sending event: {'category': 'dbt', 'action': 'invocation', 'label': 'start', 'context': [<snowplow_tracker.self_describing_json.SelfDescribingJson object at 0x000001D50E07B7D0>, <snowplow_tracker.self_describing_json.SelfDescribingJson object at 0x000001D5109E0050>, <snowplow_tracker.self_describing_json.SelfDescribingJson object at 0x000001D511298440>]}


============================== 20:55:36.616930 | 163a1421-9854-4b1b-bc78-d3bc9adc9cbf ==============================
[0m20:55:36.616930 [info ] [MainThread]: Running with dbt=1.11.2
[0m20:55:36.617929 [debug] [MainThread]: running dbt with arguments {'version_check': 'True', 'no_print': 'None', 'static_parser': 'True', 'warn_error_options': 'WarnErrorOptionsV2(error=[], warn=[], silence=[])', 'target_path': 'None', 'printer_width': '80', 'write_json': 'True', 'introspect': 'True', 'log_cache_events': 'False', 'empty': 'False', 'cache_selected_only': 'False', 'fail_fast': 'False', 'debug': 'False', 'log_format': 'default', 'profiles_dir': 'C:\\Users\\HP\\.dbt', 'send_anonymous_usage_stats': 'True', 'quiet': 'False', 'warn_error': 'None', 'partial_parse': 'True', 'invocation_command': 'dbt run', 'indirect_selection': 'eager', 'use_colors': 'True', 'use_experimental_parser': 'False', 'log_path': 'logs'}
[0m20:55:36.617929 [error] [MainThread]: Encountered an error:
Runtime Error
  No dbt_project.yml found at expected path C:\airbnb_de_project\aws\AWS_DBT_Snowflake\dbt_project.yml
  Verify that each entry within packages.yml (and their transitive dependencies) contains a file named dbt_project.yml
  
[0m20:55:36.618931 [debug] [MainThread]: Command `dbt run` failed at 20:55:36.617929 after 0.13 seconds
[0m20:55:36.618931 [debug] [MainThread]: Sending event: {'category': 'dbt', 'action': 'invocation', 'label': 'end', 'context': [<snowplow_tracker.self_describing_json.SelfDescribingJson object at 0x000001D511386090>, <snowplow_tracker.self_describing_json.SelfDescribingJson object at 0x000001D511298440>, <snowplow_tracker.self_describing_json.SelfDescribingJson object at 0x000001D5113A3BC0>]}
[0m20:55:36.618931 [debug] [MainThread]: Flushing usage events
[0m20:55:38.768813 [debug] [MainThread]: An error was encountered while trying to flush usage events
[0m15:11:24.042113 [debug] [MainThread]: Sending event: {'category': 'dbt', 'action': 'invocation', 'label': 'start', 'context': [<snowplow_tracker.self_describing_json.SelfDescribingJson object at 0x000001AC21090F20>, <snowplow_tracker.self_describing_json.SelfDescribingJson object at 0x000001AC214938F0>, <snowplow_tracker.self_describing_json.SelfDescribingJson object at 0x000001AC21493410>]}


============================== 15:11:24.046413 | 88724fe0-f3ac-480d-9e6d-2d88abb86598 ==============================
[0m15:11:24.046413 [info ] [MainThread]: Running with dbt=1.11.2
[0m15:11:24.046413 [debug] [MainThread]: running dbt with arguments {'static_parser': 'True', 'no_print': 'None', 'version_check': 'True', 'target_path': 'None', 'warn_error_options': 'WarnErrorOptionsV2(error=[], warn=[], silence=[])', 'printer_width': '80', 'write_json': 'True', 'empty': 'False', 'log_cache_events': 'False', 'introspect': 'True', 'cache_selected_only': 'False', 'log_format': 'default', 'debug': 'False', 'fail_fast': 'False', 'partial_parse': 'True', 'send_anonymous_usage_stats': 'True', 'quiet': 'False', 'warn_error': 'None', 'profiles_dir': 'C:\\Users\\HP\\.dbt', 'use_colors': 'True', 'invocation_command': 'dbt compile', 'indirect_selection': 'eager', 'use_experimental_parser': 'False', 'log_path': 'logs'}
[0m15:11:24.046413 [error] [MainThread]: Encountered an error:
Runtime Error
  No dbt_project.yml found at expected path C:\airbnb_de_project\aws\AWS_DBT_Snowflake\dbt_project.yml
  Verify that each entry within packages.yml (and their transitive dependencies) contains a file named dbt_project.yml
  
[0m15:11:24.047415 [debug] [MainThread]: Command `dbt compile` failed at 15:11:24.047415 after 0.10 seconds
[0m15:11:24.047415 [debug] [MainThread]: Sending event: {'category': 'dbt', 'action': 'invocation', 'label': 'end', 'context': [<snowplow_tracker.self_describing_json.SelfDescribingJson object at 0x000001AC21611940>, <snowplow_tracker.self_describing_json.SelfDescribingJson object at 0x000001AC21B23E30>, <snowplow_tracker.self_describing_json.SelfDescribingJson object at 0x000001AC21A18380>]}
[0m15:11:24.047415 [debug] [MainThread]: Flushing usage events
[0m15:11:25.174727 [debug] [MainThread]: An error was encountered while trying to flush usage events
